> Task :lib:compileJava
> Task :lib:processResources NO-SOURCE
> Task :lib:classes
> Task :lib:jar
> Task :app:compileJava
> Task :app:processResources NO-SOURCE
> Task :app:classes
> Task :app:jar
> Task :app:startScripts
> Task :app:distTar
> Task :app:distZip
> Task :app:assemble
> Task :app:compileTestJava NO-SOURCE
> Task :app:processTestResources NO-SOURCE
> Task :app:testClasses UP-TO-DATE
> Task :app:test NO-SOURCE
> Task :app:check UP-TO-DATE
> Task :app:build
> Task :lib:assemble
> Task :lib:compileTestJava NO-SOURCE
> Task :lib:processTestResources NO-SOURCE
> Task :lib:testClasses UP-TO-DATE
> Task :lib:test NO-SOURCE
> Task :lib:check UP-TO-DATE
> Task :lib:build

> Task :app:run
org.my.app