> Task :lib:compileJava
> Task :lib:processResources NO-SOURCE
> Task :lib:classes
> Task :lib:jar
> Task :app:compileJava
> Task :app:processResources NO-SOURCE
> Task :app:classes
> Task :app:jar
> Task :app:startScripts
> Task :app:distTar
> Task :app:distZip
> Task :app:assemble
> Task :app:compileTestJava
> Task :app:processTestResources NO-SOURCE
> Task :app:testClasses
> Task :app:test
> Task :app:check
> Task :app:build
> Task :lib:assemble
> Task :lib:compileTestJava
> Task :lib:processTestResources NO-SOURCE
> Task :lib:testClasses
> Task :lib:test
> Task :lib:check
> Task :lib:build

> Task :app:run
org.my.app